<?xml version="1.0" encoding="UTF-8"?>
<testng-results ignored="0" total="1" passed="1" failed="0" skipped="0">
  <reporter-output>
  </reporter-output>
  <suite started-at="2024-12-18T00:02:51 IST" name="Suite" finished-at="2024-12-18T00:03:26 IST" duration-ms="34801">
    <groups>
    </groups>
    <test started-at="2024-12-18T00:02:51 IST" name="Test" finished-at="2024-12-18T00:03:26 IST" duration-ms="34801">
      <class name="Page_Validation.HomeNav_Testing">
        <test-method is-config="true" signature="SetUp()[pri:0, instance:Page_Validation.HomeNav_Testing@22555ebf]" started-at="2024-12-18T00:02:51 IST" name="SetUp" finished-at="2024-12-18T00:03:06 IST" duration-ms="14946" status="PASS">
          <reporter-output>
          </reporter-output>
        </test-method> <!-- SetUp -->
        <test-method signature="NavValidation()[pri:0, instance:Page_Validation.HomeNav_Testing@22555ebf]" started-at="2024-12-18T00:03:06 IST" name="NavValidation" finished-at="2024-12-18T00:03:25 IST" duration-ms="18845" status="PASS">
          <reporter-output>
          </reporter-output>
        </test-method> <!-- NavValidation -->
        <test-method is-config="true" signature="TearDown()[pri:0, instance:Page_Validation.HomeNav_Testing@22555ebf]" started-at="2024-12-18T00:03:25 IST" name="TearDown" finished-at="2024-12-18T00:03:26 IST" duration-ms="557" status="PASS">
          <reporter-output>
          </reporter-output>
        </test-method> <!-- TearDown -->
      </class> <!-- Page_Validation.HomeNav_Testing -->
    </test> <!-- Test -->
  </suite> <!-- Suite -->
</testng-results>
